irun(64): 15.20-s051: (c) Copyright 1995-2018 Cadence Design Systems, Inc.
TOOL:	irun(64)	15.20-s051: Started on May 19, 2023 at 12:19:09 IST
irun
	-access +rwc
	mul_datapath.v
INCLUDE $GF_PDK_HOME/DesignEnv/VirtuosoOA/setup/superstack.cds.lib
|
irun: *W,DLCVAR (/home/01FE20BEC174/cds.lib,6): cds.lib Invalid environment variable ''.
DEFINE CALIBRE_HOME     /cad_area/vlsi/tools/MENTOR/calibre/aoi_cal_2018.2_41.34
|
irun: *W,DLCPTH (/home/01FE20BEC174/cds.lib,13): cds.lib Invalid path '/cad_area/vlsi/tools/MENTOR/calibre/aoi_cal_2018.2_41.34' (cds.lib command ignored).
DEFINE UMC_18_CMOS /cad_area/install/pdk/Cadence_PDK/UMC180FDK/Cadence_IC6/G-9FD-MIXED_MODE_RFCMOS18-1.8V_3.3V-1P6M-MMC_UM180FDKMFC00000OA-FDK-Ver.A02_PB.zip_FILES/UM180FDKMFC00000OA_A02_DESIGNKIT.tar.gz_FILES/UM180FDKMFC00000OA_A02_PB.tar.gz_FILES/UMC_18_CMOS/
|
irun: *W,DLCLAP (/home/01FE20BEC174/cds.lib,28): cds.lib Same file has different definitions for library 'library UMC_18_CMOS from /home/01FE20BEC174/cds.lib line 28, redefines
    library UMC_18_CMOS from same file line 27 defined earlier.' (continuing with last specified path).
DEFINE UMC180Faraday    /cad_area/install/pdk/UMC/UMC180Faraday
|
irun: *W,DLCPTH (/home/01FE20BEC174/cds.lib,34): cds.lib Invalid path '/cad_area/install/pdk/UMC/UMC180Faraday' (cds.lib command ignored).
DEFINE UMC180Faraday    /cad_area/install/pdk/UMC/UMC180Faraday/fsa0m_a/2008Q3v1.2/50VT_GENERIC_IO/BackEnd/lef
|
irun: *W,DLCPTH (/home/01FE20BEC174/cds.lib,35): cds.lib Invalid path '/cad_area/install/pdk/UMC/UMC180Faraday/fsa0m_a/2008Q3v1.2/50VT_GENERIC_IO/BackEnd/lef' (cds.lib command ignored).
DEFINE FSA0M_A_50VT_GENERIC_IO /cad_area/install/pdk/UMC/UMC180Faraday/fsa0m_a/2008Q3v1.2/50VT_GENERIC_IO/FrontEnd/composer/FSA0M_A_50VT_GENERIC_IO
|
irun: *W,DLCPTH (/home/01FE20BEC174/cds.lib,37): cds.lib Invalid path '/cad_area/install/pdk/UMC/UMC180Faraday/fsa0m_a/2008Q3v1.2/50VT_GENERIC_IO/FrontEnd/composer/FSA0M_A_50VT_GENERIC_IO' (cds.lib command ignored).
DEFINE asap7_TechLib $PDK_DIR/cdslib/asap7_TechLib
|
irun: *W,DLCVAR (/home/01FE20BEC174/cds.lib,42): cds.lib Invalid environment variable ''.
DEFINE asap7ssc7p5t $PDK_DIR/asap7ssc7p5t_05
|
irun: *W,DLCVAR (/home/01FE20BEC174/cds.lib,67): cds.lib Invalid environment variable ''.
INCLUDE $GF_PDK_HOME/DesignEnv/VirtuosoOA/setup/superstack.cds.lib
|
irun: *W,DLCVAR (/home/01FE20BEC174/cds.lib,6): cds.lib Invalid environment variable ''.
DEFINE CALIBRE_HOME     /cad_area/vlsi/tools/MENTOR/calibre/aoi_cal_2018.2_41.34
|
irun: *W,DLCPTH (/home/01FE20BEC174/cds.lib,13): cds.lib Invalid path '/cad_area/vlsi/tools/MENTOR/calibre/aoi_cal_2018.2_41.34' (cds.lib command ignored).
DEFINE UMC_18_CMOS /cad_area/install/pdk/Cadence_PDK/UMC180FDK/Cadence_IC6/G-9FD-MIXED_MODE_RFCMOS18-1.8V_3.3V-1P6M-MMC_UM180FDKMFC00000OA-FDK-Ver.A02_PB.zip_FILES/UM180FDKMFC00000OA_A02_DESIGNKIT.tar.gz_FILES/UM180FDKMFC00000OA_A02_PB.tar.gz_FILES/UMC_18_CMOS/
|
irun: *W,DLCLAP (/home/01FE20BEC174/cds.lib,28): cds.lib Same file has different definitions for library 'library UMC_18_CMOS from /home/01FE20BEC174/cds.lib line 28, redefines
    library UMC_18_CMOS from same file line 27 defined earlier.' (continuing with last specified path).
DEFINE UMC180Faraday    /cad_area/install/pdk/UMC/UMC180Faraday
|
irun: *W,DLCPTH (/home/01FE20BEC174/cds.lib,34): cds.lib Invalid path '/cad_area/install/pdk/UMC/UMC180Faraday' (cds.lib command ignored).
DEFINE UMC180Faraday    /cad_area/install/pdk/UMC/UMC180Faraday/fsa0m_a/2008Q3v1.2/50VT_GENERIC_IO/BackEnd/lef
|
irun: *W,DLCPTH (/home/01FE20BEC174/cds.lib,35): cds.lib Invalid path '/cad_area/install/pdk/UMC/UMC180Faraday/fsa0m_a/2008Q3v1.2/50VT_GENERIC_IO/BackEnd/lef' (cds.lib command ignored).
DEFINE FSA0M_A_50VT_GENERIC_IO /cad_area/install/pdk/UMC/UMC180Faraday/fsa0m_a/2008Q3v1.2/50VT_GENERIC_IO/FrontEnd/composer/FSA0M_A_50VT_GENERIC_IO
|
irun: *W,DLCPTH (/home/01FE20BEC174/cds.lib,37): cds.lib Invalid path '/cad_area/install/pdk/UMC/UMC180Faraday/fsa0m_a/2008Q3v1.2/50VT_GENERIC_IO/FrontEnd/composer/FSA0M_A_50VT_GENERIC_IO' (cds.lib command ignored).
DEFINE asap7_TechLib $PDK_DIR/cdslib/asap7_TechLib
|
irun: *W,DLCVAR (/home/01FE20BEC174/cds.lib,42): cds.lib Invalid environment variable ''.
DEFINE asap7ssc7p5t $PDK_DIR/asap7ssc7p5t_05
|
irun: *W,DLCVAR (/home/01FE20BEC174/cds.lib,67): cds.lib Invalid environment variable ''.
INCLUDE $GF_PDK_HOME/DesignEnv/VirtuosoOA/setup/superstack.cds.lib
|
irun: *W,DLCVAR (/home/01FE20BEC174/cds.lib,6): cds.lib Invalid environment variable ''.
DEFINE CALIBRE_HOME     /cad_area/vlsi/tools/MENTOR/calibre/aoi_cal_2018.2_41.34
|
irun: *W,DLCPTH (/home/01FE20BEC174/cds.lib,13): cds.lib Invalid path '/cad_area/vlsi/tools/MENTOR/calibre/aoi_cal_2018.2_41.34' (cds.lib command ignored).
DEFINE UMC_18_CMOS /cad_area/install/pdk/Cadence_PDK/UMC180FDK/Cadence_IC6/G-9FD-MIXED_MODE_RFCMOS18-1.8V_3.3V-1P6M-MMC_UM180FDKMFC00000OA-FDK-Ver.A02_PB.zip_FILES/UM180FDKMFC00000OA_A02_DESIGNKIT.tar.gz_FILES/UM180FDKMFC00000OA_A02_PB.tar.gz_FILES/UMC_18_CMOS/
|
irun: *W,DLCLAP (/home/01FE20BEC174/cds.lib,28): cds.lib Same file has different definitions for library 'library UMC_18_CMOS from /home/01FE20BEC174/cds.lib line 28, redefines
    library UMC_18_CMOS from same file line 27 defined earlier.' (continuing with last specified path).
DEFINE UMC180Faraday    /cad_area/install/pdk/UMC/UMC180Faraday
|
irun: *W,DLCPTH (/home/01FE20BEC174/cds.lib,34): cds.lib Invalid path '/cad_area/install/pdk/UMC/UMC180Faraday' (cds.lib command ignored).
DEFINE UMC180Faraday    /cad_area/install/pdk/UMC/UMC180Faraday/fsa0m_a/2008Q3v1.2/50VT_GENERIC_IO/BackEnd/lef
|
irun: *W,DLCPTH (/home/01FE20BEC174/cds.lib,35): cds.lib Invalid path '/cad_area/install/pdk/UMC/UMC180Faraday/fsa0m_a/2008Q3v1.2/50VT_GENERIC_IO/BackEnd/lef' (cds.lib command ignored).
DEFINE FSA0M_A_50VT_GENERIC_IO /cad_area/install/pdk/UMC/UMC180Faraday/fsa0m_a/2008Q3v1.2/50VT_GENERIC_IO/FrontEnd/composer/FSA0M_A_50VT_GENERIC_IO
|
irun: *W,DLCPTH (/home/01FE20BEC174/cds.lib,37): cds.lib Invalid path '/cad_area/install/pdk/UMC/UMC180Faraday/fsa0m_a/2008Q3v1.2/50VT_GENERIC_IO/FrontEnd/composer/FSA0M_A_50VT_GENERIC_IO' (cds.lib command ignored).
DEFINE asap7_TechLib $PDK_DIR/cdslib/asap7_TechLib
|
irun: *W,DLCVAR (/home/01FE20BEC174/cds.lib,42): cds.lib Invalid environment variable ''.
DEFINE asap7ssc7p5t $PDK_DIR/asap7ssc7p5t_05
|
irun: *W,DLCVAR (/home/01FE20BEC174/cds.lib,67): cds.lib Invalid environment variable ''.
INCLUDE $GF_PDK_HOME/DesignEnv/VirtuosoOA/setup/superstack.cds.lib
|
irun: *W,DLCVAR (/home/01FE20BEC174/cds.lib,6): cds.lib Invalid environment variable ''.
DEFINE CALIBRE_HOME     /cad_area/vlsi/tools/MENTOR/calibre/aoi_cal_2018.2_41.34
|
irun: *W,DLCPTH (/home/01FE20BEC174/cds.lib,13): cds.lib Invalid path '/cad_area/vlsi/tools/MENTOR/calibre/aoi_cal_2018.2_41.34' (cds.lib command ignored).
DEFINE UMC_18_CMOS /cad_area/install/pdk/Cadence_PDK/UMC180FDK/Cadence_IC6/G-9FD-MIXED_MODE_RFCMOS18-1.8V_3.3V-1P6M-MMC_UM180FDKMFC00000OA-FDK-Ver.A02_PB.zip_FILES/UM180FDKMFC00000OA_A02_DESIGNKIT.tar.gz_FILES/UM180FDKMFC00000OA_A02_PB.tar.gz_FILES/UMC_18_CMOS/
|
irun: *W,DLCLAP (/home/01FE20BEC174/cds.lib,28): cds.lib Same file has different definitions for library 'library UMC_18_CMOS from /home/01FE20BEC174/cds.lib line 28, redefines
    library UMC_18_CMOS from same file line 27 defined earlier.' (continuing with last specified path).
DEFINE UMC180Faraday    /cad_area/install/pdk/UMC/UMC180Faraday
|
irun: *W,DLCPTH (/home/01FE20BEC174/cds.lib,34): cds.lib Invalid path '/cad_area/install/pdk/UMC/UMC180Faraday' (cds.lib command ignored).
DEFINE UMC180Faraday    /cad_area/install/pdk/UMC/UMC180Faraday/fsa0m_a/2008Q3v1.2/50VT_GENERIC_IO/BackEnd/lef
|
irun: *W,DLCPTH (/home/01FE20BEC174/cds.lib,35): cds.lib Invalid path '/cad_area/install/pdk/UMC/UMC180Faraday/fsa0m_a/2008Q3v1.2/50VT_GENERIC_IO/BackEnd/lef' (cds.lib command ignored).
DEFINE FSA0M_A_50VT_GENERIC_IO /cad_area/install/pdk/UMC/UMC180Faraday/fsa0m_a/2008Q3v1.2/50VT_GENERIC_IO/FrontEnd/composer/FSA0M_A_50VT_GENERIC_IO
|
irun: *W,DLCPTH (/home/01FE20BEC174/cds.lib,37): cds.lib Invalid path '/cad_area/install/pdk/UMC/UMC180Faraday/fsa0m_a/2008Q3v1.2/50VT_GENERIC_IO/FrontEnd/composer/FSA0M_A_50VT_GENERIC_IO' (cds.lib command ignored).
DEFINE asap7_TechLib $PDK_DIR/cdslib/asap7_TechLib
|
irun: *W,DLCVAR (/home/01FE20BEC174/cds.lib,42): cds.lib Invalid environment variable ''.
DEFINE asap7ssc7p5t $PDK_DIR/asap7ssc7p5t_05
|
irun: *W,DLCVAR (/home/01FE20BEC174/cds.lib,67): cds.lib Invalid environment variable ''.
INCLUDE $GF_PDK_HOME/DesignEnv/VirtuosoOA/setup/superstack.cds.lib
|
irun: *W,DLCVAR (/home/01FE20BEC174/cds.lib,6): cds.lib Invalid environment variable ''.
DEFINE CALIBRE_HOME     /cad_area/vlsi/tools/MENTOR/calibre/aoi_cal_2018.2_41.34
|
irun: *W,DLCPTH (/home/01FE20BEC174/cds.lib,13): cds.lib Invalid path '/cad_area/vlsi/tools/MENTOR/calibre/aoi_cal_2018.2_41.34' (cds.lib command ignored).
DEFINE UMC_18_CMOS /cad_area/install/pdk/Cadence_PDK/UMC180FDK/Cadence_IC6/G-9FD-MIXED_MODE_RFCMOS18-1.8V_3.3V-1P6M-MMC_UM180FDKMFC00000OA-FDK-Ver.A02_PB.zip_FILES/UM180FDKMFC00000OA_A02_DESIGNKIT.tar.gz_FILES/UM180FDKMFC00000OA_A02_PB.tar.gz_FILES/UMC_18_CMOS/
|
irun: *W,DLCLAP (/home/01FE20BEC174/cds.lib,28): cds.lib Same file has different definitions for library 'library UMC_18_CMOS from /home/01FE20BEC174/cds.lib line 28, redefines
    library UMC_18_CMOS from same file line 27 defined earlier.' (continuing with last specified path).
DEFINE UMC180Faraday    /cad_area/install/pdk/UMC/UMC180Faraday
|
irun: *W,DLCPTH (/home/01FE20BEC174/cds.lib,34): cds.lib Invalid path '/cad_area/install/pdk/UMC/UMC180Faraday' (cds.lib command ignored).
DEFINE UMC180Faraday    /cad_area/install/pdk/UMC/UMC180Faraday/fsa0m_a/2008Q3v1.2/50VT_GENERIC_IO/BackEnd/lef
|
irun: *W,DLCPTH (/home/01FE20BEC174/cds.lib,35): cds.lib Invalid path '/cad_area/install/pdk/UMC/UMC180Faraday/fsa0m_a/2008Q3v1.2/50VT_GENERIC_IO/BackEnd/lef' (cds.lib command ignored).
DEFINE FSA0M_A_50VT_GENERIC_IO /cad_area/install/pdk/UMC/UMC180Faraday/fsa0m_a/2008Q3v1.2/50VT_GENERIC_IO/FrontEnd/composer/FSA0M_A_50VT_GENERIC_IO
|
irun: *W,DLCPTH (/home/01FE20BEC174/cds.lib,37): cds.lib Invalid path '/cad_area/install/pdk/UMC/UMC180Faraday/fsa0m_a/2008Q3v1.2/50VT_GENERIC_IO/FrontEnd/composer/FSA0M_A_50VT_GENERIC_IO' (cds.lib command ignored).
DEFINE asap7_TechLib $PDK_DIR/cdslib/asap7_TechLib
|
irun: *W,DLCVAR (/home/01FE20BEC174/cds.lib,42): cds.lib Invalid environment variable ''.
DEFINE asap7ssc7p5t $PDK_DIR/asap7ssc7p5t_05
|
irun: *W,DLCVAR (/home/01FE20BEC174/cds.lib,67): cds.lib Invalid environment variable ''.
INCLUDE $GF_PDK_HOME/DesignEnv/VirtuosoOA/setup/superstack.cds.lib
|
ncvlog: *W,DLCVAR (/home/01FE20BEC174/cds.lib,6): cds.lib Invalid environment variable ''.
DEFINE CALIBRE_HOME     /cad_area/vlsi/tools/MENTOR/calibre/aoi_cal_2018.2_41.34
|
ncvlog: *W,DLCPTH (/home/01FE20BEC174/cds.lib,13): cds.lib Invalid path '/cad_area/vlsi/tools/MENTOR/calibre/aoi_cal_2018.2_41.34' (cds.lib command ignored).
DEFINE UMC_18_CMOS /cad_area/install/pdk/Cadence_PDK/UMC180FDK/Cadence_IC6/G-9FD-MIXED_MODE_RFCMOS18-1.8V_3.3V-1P6M-MMC_UM180FDKMFC00000OA-FDK-Ver.A02_PB.zip_FILES/UM180FDKMFC00000OA_A02_DESIGNKIT.tar.gz_FILES/UM180FDKMFC00000OA_A02_PB.tar.gz_FILES/UMC_18_CMOS/
|
ncvlog: *W,DLCLAP (/home/01FE20BEC174/cds.lib,28): cds.lib Same file has different definitions for library 'library UMC_18_CMOS from /home/01FE20BEC174/cds.lib line 28, redefines
    library UMC_18_CMOS from same file line 27 defined earlier.' (continuing with last specified path).
DEFINE UMC180Faraday    /cad_area/install/pdk/UMC/UMC180Faraday
|
ncvlog: *W,DLCPTH (/home/01FE20BEC174/cds.lib,34): cds.lib Invalid path '/cad_area/install/pdk/UMC/UMC180Faraday' (cds.lib command ignored).
DEFINE UMC180Faraday    /cad_area/install/pdk/UMC/UMC180Faraday/fsa0m_a/2008Q3v1.2/50VT_GENERIC_IO/BackEnd/lef
|
ncvlog: *W,DLCPTH (/home/01FE20BEC174/cds.lib,35): cds.lib Invalid path '/cad_area/install/pdk/UMC/UMC180Faraday/fsa0m_a/2008Q3v1.2/50VT_GENERIC_IO/BackEnd/lef' (cds.lib command ignored).
DEFINE FSA0M_A_50VT_GENERIC_IO /cad_area/install/pdk/UMC/UMC180Faraday/fsa0m_a/2008Q3v1.2/50VT_GENERIC_IO/FrontEnd/composer/FSA0M_A_50VT_GENERIC_IO
|
ncvlog: *W,DLCPTH (/home/01FE20BEC174/cds.lib,37): cds.lib Invalid path '/cad_area/install/pdk/UMC/UMC180Faraday/fsa0m_a/2008Q3v1.2/50VT_GENERIC_IO/FrontEnd/composer/FSA0M_A_50VT_GENERIC_IO' (cds.lib command ignored).
DEFINE asap7_TechLib $PDK_DIR/cdslib/asap7_TechLib
|
ncvlog: *W,DLCVAR (/home/01FE20BEC174/cds.lib,42): cds.lib Invalid environment variable ''.
DEFINE asap7ssc7p5t $PDK_DIR/asap7ssc7p5t_05
|
ncvlog: *W,DLCVAR (/home/01FE20BEC174/cds.lib,67): cds.lib Invalid environment variable ''.
file: mul_datapath.v
	module worklib.mul_datapath:v
		errors: 0, warnings: 0
	Total errors/warnings found outside modules and primitives:
		errors: 0, warnings: 8
INCLUDE $GF_PDK_HOME/DesignEnv/VirtuosoOA/setup/superstack.cds.lib
|
irun: *W,DLCVAR (/home/01FE20BEC174/cds.lib,6): cds.lib Invalid environment variable ''.
DEFINE CALIBRE_HOME     /cad_area/vlsi/tools/MENTOR/calibre/aoi_cal_2018.2_41.34
|
irun: *W,DLCPTH (/home/01FE20BEC174/cds.lib,13): cds.lib Invalid path '/cad_area/vlsi/tools/MENTOR/calibre/aoi_cal_2018.2_41.34' (cds.lib command ignored).
DEFINE UMC_18_CMOS /cad_area/install/pdk/Cadence_PDK/UMC180FDK/Cadence_IC6/G-9FD-MIXED_MODE_RFCMOS18-1.8V_3.3V-1P6M-MMC_UM180FDKMFC00000OA-FDK-Ver.A02_PB.zip_FILES/UM180FDKMFC00000OA_A02_DESIGNKIT.tar.gz_FILES/UM180FDKMFC00000OA_A02_PB.tar.gz_FILES/UMC_18_CMOS/
|
irun: *W,DLCLAP (/home/01FE20BEC174/cds.lib,28): cds.lib Same file has different definitions for library 'library UMC_18_CMOS from /home/01FE20BEC174/cds.lib line 28, redefines
    library UMC_18_CMOS from same file line 27 defined earlier.' (continuing with last specified path).
DEFINE UMC180Faraday    /cad_area/install/pdk/UMC/UMC180Faraday
|
irun: *W,DLCPTH (/home/01FE20BEC174/cds.lib,34): cds.lib Invalid path '/cad_area/install/pdk/UMC/UMC180Faraday' (cds.lib command ignored).
DEFINE UMC180Faraday    /cad_area/install/pdk/UMC/UMC180Faraday/fsa0m_a/2008Q3v1.2/50VT_GENERIC_IO/BackEnd/lef
|
irun: *W,DLCPTH (/home/01FE20BEC174/cds.lib,35): cds.lib Invalid path '/cad_area/install/pdk/UMC/UMC180Faraday/fsa0m_a/2008Q3v1.2/50VT_GENERIC_IO/BackEnd/lef' (cds.lib command ignored).
DEFINE FSA0M_A_50VT_GENERIC_IO /cad_area/install/pdk/UMC/UMC180Faraday/fsa0m_a/2008Q3v1.2/50VT_GENERIC_IO/FrontEnd/composer/FSA0M_A_50VT_GENERIC_IO
|
irun: *W,DLCPTH (/home/01FE20BEC174/cds.lib,37): cds.lib Invalid path '/cad_area/install/pdk/UMC/UMC180Faraday/fsa0m_a/2008Q3v1.2/50VT_GENERIC_IO/FrontEnd/composer/FSA0M_A_50VT_GENERIC_IO' (cds.lib command ignored).
DEFINE asap7_TechLib $PDK_DIR/cdslib/asap7_TechLib
|
irun: *W,DLCVAR (/home/01FE20BEC174/cds.lib,42): cds.lib Invalid environment variable ''.
DEFINE asap7ssc7p5t $PDK_DIR/asap7ssc7p5t_05
|
irun: *W,DLCVAR (/home/01FE20BEC174/cds.lib,67): cds.lib Invalid environment variable ''.
INCLUDE $GF_PDK_HOME/DesignEnv/VirtuosoOA/setup/superstack.cds.lib
|
irun: *W,DLCVAR (/home/01FE20BEC174/cds.lib,6): cds.lib Invalid environment variable ''.
DEFINE CALIBRE_HOME     /cad_area/vlsi/tools/MENTOR/calibre/aoi_cal_2018.2_41.34
|
irun: *W,DLCPTH (/home/01FE20BEC174/cds.lib,13): cds.lib Invalid path '/cad_area/vlsi/tools/MENTOR/calibre/aoi_cal_2018.2_41.34' (cds.lib command ignored).
DEFINE UMC_18_CMOS /cad_area/install/pdk/Cadence_PDK/UMC180FDK/Cadence_IC6/G-9FD-MIXED_MODE_RFCMOS18-1.8V_3.3V-1P6M-MMC_UM180FDKMFC00000OA-FDK-Ver.A02_PB.zip_FILES/UM180FDKMFC00000OA_A02_DESIGNKIT.tar.gz_FILES/UM180FDKMFC00000OA_A02_PB.tar.gz_FILES/UMC_18_CMOS/
|
irun: *W,DLCLAP (/home/01FE20BEC174/cds.lib,28): cds.lib Same file has different definitions for library 'library UMC_18_CMOS from /home/01FE20BEC174/cds.lib line 28, redefines
    library UMC_18_CMOS from same file line 27 defined earlier.' (continuing with last specified path).
DEFINE UMC180Faraday    /cad_area/install/pdk/UMC/UMC180Faraday
|
irun: *W,DLCPTH (/home/01FE20BEC174/cds.lib,34): cds.lib Invalid path '/cad_area/install/pdk/UMC/UMC180Faraday' (cds.lib command ignored).
DEFINE UMC180Faraday    /cad_area/install/pdk/UMC/UMC180Faraday/fsa0m_a/2008Q3v1.2/50VT_GENERIC_IO/BackEnd/lef
|
irun: *W,DLCPTH (/home/01FE20BEC174/cds.lib,35): cds.lib Invalid path '/cad_area/install/pdk/UMC/UMC180Faraday/fsa0m_a/2008Q3v1.2/50VT_GENERIC_IO/BackEnd/lef' (cds.lib command ignored).
DEFINE FSA0M_A_50VT_GENERIC_IO /cad_area/install/pdk/UMC/UMC180Faraday/fsa0m_a/2008Q3v1.2/50VT_GENERIC_IO/FrontEnd/composer/FSA0M_A_50VT_GENERIC_IO
|
irun: *W,DLCPTH (/home/01FE20BEC174/cds.lib,37): cds.lib Invalid path '/cad_area/install/pdk/UMC/UMC180Faraday/fsa0m_a/2008Q3v1.2/50VT_GENERIC_IO/FrontEnd/composer/FSA0M_A_50VT_GENERIC_IO' (cds.lib command ignored).
DEFINE asap7_TechLib $PDK_DIR/cdslib/asap7_TechLib
|
irun: *W,DLCVAR (/home/01FE20BEC174/cds.lib,42): cds.lib Invalid environment variable ''.
DEFINE asap7ssc7p5t $PDK_DIR/asap7ssc7p5t_05
|
irun: *W,DLCVAR (/home/01FE20BEC174/cds.lib,67): cds.lib Invalid environment variable ''.
INCLUDE $GF_PDK_HOME/DesignEnv/VirtuosoOA/setup/superstack.cds.lib
|
ncelab: *W,DLCVAR (/home/01FE20BEC174/cds.lib,6): cds.lib Invalid environment variable ''.
DEFINE CALIBRE_HOME     /cad_area/vlsi/tools/MENTOR/calibre/aoi_cal_2018.2_41.34
|
ncelab: *W,DLCPTH (/home/01FE20BEC174/cds.lib,13): cds.lib Invalid path '/cad_area/vlsi/tools/MENTOR/calibre/aoi_cal_2018.2_41.34' (cds.lib command ignored).
DEFINE UMC_18_CMOS /cad_area/install/pdk/Cadence_PDK/UMC180FDK/Cadence_IC6/G-9FD-MIXED_MODE_RFCMOS18-1.8V_3.3V-1P6M-MMC_UM180FDKMFC00000OA-FDK-Ver.A02_PB.zip_FILES/UM180FDKMFC00000OA_A02_DESIGNKIT.tar.gz_FILES/UM180FDKMFC00000OA_A02_PB.tar.gz_FILES/UMC_18_CMOS/
|
ncelab: *W,DLCLAP (/home/01FE20BEC174/cds.lib,28): cds.lib Same file has different definitions for library 'library UMC_18_CMOS from /home/01FE20BEC174/cds.lib line 28, redefines
    library UMC_18_CMOS from same file line 27 defined earlier.' (continuing with last specified path).
DEFINE UMC180Faraday    /cad_area/install/pdk/UMC/UMC180Faraday
|
ncelab: *W,DLCPTH (/home/01FE20BEC174/cds.lib,34): cds.lib Invalid path '/cad_area/install/pdk/UMC/UMC180Faraday' (cds.lib command ignored).
DEFINE UMC180Faraday    /cad_area/install/pdk/UMC/UMC180Faraday/fsa0m_a/2008Q3v1.2/50VT_GENERIC_IO/BackEnd/lef
|
ncelab: *W,DLCPTH (/home/01FE20BEC174/cds.lib,35): cds.lib Invalid path '/cad_area/install/pdk/UMC/UMC180Faraday/fsa0m_a/2008Q3v1.2/50VT_GENERIC_IO/BackEnd/lef' (cds.lib command ignored).
DEFINE FSA0M_A_50VT_GENERIC_IO /cad_area/install/pdk/UMC/UMC180Faraday/fsa0m_a/2008Q3v1.2/50VT_GENERIC_IO/FrontEnd/composer/FSA0M_A_50VT_GENERIC_IO
|
ncelab: *W,DLCPTH (/home/01FE20BEC174/cds.lib,37): cds.lib Invalid path '/cad_area/install/pdk/UMC/UMC180Faraday/fsa0m_a/2008Q3v1.2/50VT_GENERIC_IO/FrontEnd/composer/FSA0M_A_50VT_GENERIC_IO' (cds.lib command ignored).
DEFINE asap7_TechLib $PDK_DIR/cdslib/asap7_TechLib
|
ncelab: *W,DLCVAR (/home/01FE20BEC174/cds.lib,42): cds.lib Invalid environment variable ''.
DEFINE asap7ssc7p5t $PDK_DIR/asap7ssc7p5t_05
|
ncelab: *W,DLCVAR (/home/01FE20BEC174/cds.lib,67): cds.lib Invalid environment variable ''.
		Caching library 'worklib' ....... Done
	Elaborating the design hierarchy:
		Caching library 'worklib' ....... Done
ncelab: *W,DLLSVW: Unable to list the views of rfLib.rfLib (System error).
ncelab: *W,DLLSVW: Unable to list the views of rfLib.log (System error).
PIPO1 A(x,bus,lda,clk);
      |
ncelab: *E,CUVMUR (./mul_datapath.v,7|6): instance 'mul_datapath.A' of design unit 'PIPO1' is unresolved in 'worklib.mul_datapath:v'.
PIPO2 P(y,z,ldp,clrp,clk);
      |
ncelab: *E,CUVMUR (./mul_datapath.v,8|6): instance 'mul_datapath.P' of design unit 'PIPO2' is unresolved in 'worklib.mul_datapath:v'.
CNTR B(bout,bus,ldb,decb,clk);
     |
ncelab: *E,CUVMUR (./mul_datapath.v,9|5): instance 'mul_datapath.B' of design unit 'CNTR' is unresolved in 'worklib.mul_datapath:v'.
ADD AD(z,x,y);
     |
ncelab: *E,CUVMUR (./mul_datapath.v,10|5): instance 'mul_datapath.AD' of design unit 'ADD' is unresolved in 'worklib.mul_datapath:v'.
EQZ comp(eqz,bout);
       |
ncelab: *E,CUVMUR (./mul_datapath.v,11|7): instance 'mul_datapath.comp' of design unit 'EQZ' is unresolved in 'worklib.mul_datapath:v'.
irun: *E,ELBERR: Error during elaboration (status 1), exiting.
TOOL:	irun(64)	15.20-s051: Exiting on May 19, 2023 at 12:19:13 IST  (total: 00:00:04)
